<?xml version="1.0" encoding="utf-8"?><testsuites name="pytest tests"><testsuite name="pytest" errors="0" failures="0" skipped="0" tests="109" time="29.671" timestamp="2026-06-27T16:10:59.873741+00:00" hostname="9a6ed15bce9b"><testcase classname="distributed-backend.tests.e2e.test_trade_lifecycle" name="test_creating_trade_offer_makes_requested_item_quantity_unavailable_to_seller" time="0.277" /><testcase classname="distributed-backend.tests.e2e.test_trade_lifecycle" name="test_creating_trade_offer_keeps_seller_non_offered_item_quantity_available" time="0.159" /><testcase classname="distributed-backend.tests.e2e.test_trade_lifecycle" name="test_creating_trade_offer_exposes_trade_as_outstanding_to_other_players" time="0.182" /><testcase classname="distributed-backend.tests.e2e.test_trade_lifecycle" name="test_creating_trade_offer_rejects_zero_item_quantity" time="0.201" /><testcase classname="distributed-backend.tests.e2e.test_trade_lifecycle" name="test_creating_trade_offer_rejects_negative_item_quantity" time="0.213" /><testcase classname="distributed-backend.tests.e2e.test_trade_lifecycle" name="test_creating_trade_offer_rejects_more_items_than_seller_owns" time="0.214" /><testcase classname="distributed-backend.tests.e2e.test_trade_lifecycle" name="test_creating_trade_offer_rejects_item_stack_not_owned_by_seller" time="0.221" /><testcase classname="distributed-backend.tests.e2e.test_trade_lifecycle" name="test_creating_trade_offer_rejects_item_stack_in_wrong_station" time="0.217" /><testcase classname="distributed-backend.tests.e2e.test_trade_lifecycle" name="test_creating_trade_offer_rejects_invalid_unit_price" time="0.261" /><testcase classname="distributed-backend.tests.e2e.test_trade_lifecycle" name="test_creating_trade_offer_does_not_change_wallet_balances" time="0.267" /><testcase classname="distributed-backend.tests.e2e.test_trade_lifecycle" name="test_accepting_trade_transfers_requested_item_quantity_to_buyer" time="0.334" /><testcase classname="distributed-backend.tests.e2e.test_trade_lifecycle" name="test_accepting_trade_transfers_correct_isk_amount_to_seller" time="0.258" /><testcase classname="distributed-backend.tests.e2e.test_trade_lifecycle" name="test_accepting_trade_debits_buyer_wallet_by_quantity_times_unit_price" time="0.230" /><testcase classname="distributed-backend.tests.e2e.test_trade_lifecycle" name="test_accepting_trade_creates_buyer_item_stack_when_buyer_has_no_matching_stack" time="0.266" /><testcase classname="distributed-backend.tests.e2e.test_trade_lifecycle" name="test_accepting_trade_merges_items_into_existing_buyer_stack_when_matching_stack_exists" time="0.299" /><testcase classname="distributed-backend.tests.e2e.test_trade_lifecycle" name="test_accepting_partial_trade_keeps_trade_outstanding" time="0.319" /><testcase classname="distributed-backend.tests.e2e.test_trade_lifecycle" name="test_accepting_partial_trade_reduces_available_trade_quantity" time="0.291" /><testcase classname="distributed-backend.tests.e2e.test_trade_lifecycle" name="test_accepting_partial_trade_updates_visible_available_quantity" time="0.204" /><testcase classname="distributed-backend.tests.e2e.test_trade_lifecycle" name="test_accepting_partial_trade_keeps_database_available_quantity_consistent" time="0.266" /><testcase classname="distributed-backend.tests.e2e.test_trade_lifecycle" name="test_accepting_full_remaining_trade_quantity_marks_trade_completed" time="0.246" /><testcase classname="distributed-backend.tests.e2e.test_trade_lifecycle" name="test_accepting_trade_does_not_complete_trade_while_item_escrow_quantity_remains_positive" time="0.250" /><testcase classname="distributed-backend.tests.e2e.test_trade_lifecycle" name="test_accepting_trade_completes_trade_when_item_escrow_quantity_becomes_zero" time="0.242" /><testcase classname="distributed-backend.tests.e2e.test_trade_lifecycle" name="test_accepting_full_remaining_trade_leaves_zero_available_quantity" time="0.286" /><testcase classname="distributed-backend.tests.e2e.test_trade_lifecycle" name="test_accepting_trade_rejects_quantity_above_available_trade_quantity" time="0.236" /><testcase classname="distributed-backend.tests.e2e.test_trade_lifecycle" name="test_accepting_trade_rejects_zero_quantity" time="0.243" /><testcase classname="distributed-backend.tests.e2e.test_trade_lifecycle" name="test_accepting_trade_rejects_negative_quantity" time="0.223" /><testcase classname="distributed-backend.tests.e2e.test_trade_lifecycle" name="test_accepting_trade_rejects_when_buyer_has_insufficient_isk" time="0.253" /><testcase classname="distributed-backend.tests.e2e.test_trade_lifecycle" name="test_accepting_trade_rejects_when_trade_is_cancelled" time="0.385" /><testcase classname="distributed-backend.tests.e2e.test_trade_lifecycle" name="test_accepting_trade_rejects_when_trade_is_already_completed" time="0.314" /><testcase classname="distributed-backend.tests.e2e.test_trade_lifecycle" name="test_accepting_trade_rejects_when_buyer_is_seller_if_self_purchase_is_disallowed" time="0.248" /><testcase classname="distributed-backend.tests.e2e.test_trade_lifecycle" name="test_cancelling_trade_returns_remaining_item_quantity_to_seller" time="0.309" /><testcase classname="distributed-backend.tests.e2e.test_trade_lifecycle" name="test_cancelling_trade_makes_remaining_item_quantity_available_to_seller" time="0.311" /><testcase classname="distributed-backend.tests.e2e.test_trade_lifecycle" name="test_cancelling_trade_marks_trade_unavailable_to_buyers" time="0.302" /><testcase classname="distributed-backend.tests.e2e.test_trade_lifecycle" name="test_cancelling_partially_accepted_trade_refunds_only_remaining_item_quantity" time="0.430" /><testcase classname="distributed-backend.tests.e2e.test_trade_lifecycle" name="test_cancelling_partially_accepted_trade_does_not_reverse_already_completed_purchase" time="0.399" /><testcase classname="distributed-backend.tests.e2e.test_trade_lifecycle" name="test_cancelling_trade_rejects_non_seller_caller" time="0.220" /><testcase classname="distributed-backend.tests.e2e.test_trade_lifecycle" name="test_cancelling_trade_rejects_already_completed_trade" time="0.283" /><testcase classname="distributed-backend.tests.e2e.test_trade_lifecycle" name="test_cancelling_trade_rejects_already_cancelled_trade" time="0.350" /><testcase classname="distributed-backend.tests.e2e.test_trade_lifecycle" name="test_cancelling_trade_does_not_change_wallet_balances" time="0.314" /><testcase classname="distributed-backend.tests.e2e.test_trade_lifecycle" name="test_retrying_create_trade_offer_does_not_duplicate_trade" time="0.219" /><testcase classname="distributed-backend.tests.e2e.test_trade_lifecycle" name="test_retrying_create_trade_offer_does_not_duplicate_item_escrow" time="0.208" /><testcase classname="distributed-backend.tests.e2e.test_trade_lifecycle" name="test_retrying_accept_trade_does_not_transfer_items_twice" time="0.326" /><testcase classname="distributed-backend.tests.e2e.test_trade_lifecycle" name="test_retrying_accept_trade_does_not_transfer_isk_twice" time="0.301" /><testcase classname="distributed-backend.tests.e2e.test_trade_lifecycle" name="test_retrying_cancel_trade_does_not_refund_items_twice" time="0.357" /><testcase classname="distributed-backend.tests.e2e.test_trade_lifecycle" name="test_same_interaction_id_with_different_create_trade_payload_is_rejected_at_edge" time="0.247" /><testcase classname="distributed-backend.tests.e2e.test_trade_lifecycle" name="test_same_interaction_id_with_different_accept_trade_payload_is_rejected_at_edge" time="0.341" /><testcase classname="distributed-backend.tests.e2e.test_trade_lifecycle" name="test_same_interaction_id_with_different_cancel_trade_payload_is_rejected_at_edge" time="0.333" /><testcase classname="distributed-backend.tests.e2e.test_trade_lifecycle" name="test_retried_successful_request_is_rejected_at_edge_without_second_settlement" time="0.245" /><testcase classname="distributed-backend.tests.e2e.test_trade_lifecycle" name="test_failed_create_trade_offer_does_not_create_visible_trade" time="0.201" /><testcase classname="distributed-backend.tests.e2e.test_trade_lifecycle" name="test_failed_create_trade_offer_does_not_remove_items_from_seller" time="0.253" /><testcase classname="distributed-backend.tests.e2e.test_trade_lifecycle" name="test_failed_accept_trade_does_not_debit_buyer_wallet" time="0.277" /><testcase classname="distributed-backend.tests.e2e.test_trade_lifecycle" name="test_failed_accept_trade_does_not_credit_seller_wallet" time="0.273" /><testcase classname="distributed-backend.tests.e2e.test_trade_lifecycle" name="test_failed_accept_trade_does_not_transfer_items_to_buyer" time="0.335" /><testcase classname="distributed-backend.tests.e2e.test_trade_lifecycle" name="test_failed_accept_trade_does_not_reduce_available_trade_quantity" time="0.417" /><testcase classname="distributed-backend.tests.e2e.test_trade_lifecycle" name="test_failed_accept_trade_does_not_complete_trade" time="0.361" /><testcase classname="distributed-backend.tests.e2e.test_trade_lifecycle" name="test_failed_accept_rolls_back_wallet_and_item_changes" time="0.314" /><testcase classname="distributed-backend.tests.e2e.test_trade_lifecycle" name="test_failed_accept_records_failed_batch_after_rollback" time="0.215" /><testcase classname="distributed-backend.tests.e2e.test_trade_lifecycle" name="test_failed_accept_records_failed_step_after_rollback" time="0.247" /><testcase classname="distributed-backend.tests.e2e.test_trade_lifecycle" name="test_failed_accept_keeps_original_error_code_for_diagnostics" time="0.218" /><testcase classname="distributed-backend.tests.e2e.test_trade_lifecycle" name="test_failed_cancel_trade_does_not_refund_partial_item_quantity" time="0.228" /><testcase classname="distributed-backend.tests.e2e.test_trade_lifecycle" name="test_failed_cancel_trade_does_not_hide_trade_from_buyers_unless_refund_succeeds" time="0.245" /><testcase classname="distributed-backend.tests.e2e.test_trade_lifecycle" name="test_concurrent_accepts_cannot_sell_more_than_available_quantity" time="0.251" /><testcase classname="distributed-backend.tests.e2e.test_trade_lifecycle" name="test_concurrent_accepts_cannot_make_buyer_wallet_negative" time="0.259" /><testcase classname="distributed-backend.tests.e2e.test_trade_lifecycle" name="test_total_item_quantity_is_preserved_after_trade_offer_creation" time="0.166" /><testcase classname="distributed-backend.tests.e2e.test_trade_lifecycle" name="test_total_item_quantity_is_preserved_after_trade_acceptance" time="0.280" /><testcase classname="distributed-backend.tests.e2e.test_trade_lifecycle" name="test_total_item_quantity_is_preserved_after_trade_cancellation" time="0.305" /><testcase classname="distributed-backend.tests.e2e.test_trade_lifecycle" name="test_total_isk_amount_is_preserved_after_trade_acceptance" time="0.276" /><testcase classname="distributed-backend.tests.e2e.test_trade_lifecycle" name="test_no_wallet_balance_becomes_negative_after_successful_request" time="0.269" /><testcase classname="distributed-backend.tests.e2e.test_trade_lifecycle" name="test_no_item_stack_quantity_becomes_negative_after_successful_request" time="0.229" /><testcase classname="distributed-backend.tests.e2e.test_trade_lifecycle" name="test_available_trade_quantity_never_becomes_negative" time="0.268" /><testcase classname="distributed-backend.tests.e2e.test_trade_lifecycle" name="test_completed_trade_has_zero_available_item_quantity" time="0.297" /><testcase classname="distributed-backend.tests.e2e.test_trade_lifecycle" name="test_completed_trade_cannot_have_positive_available_quantity" time="0.303" /><testcase classname="distributed-backend.tests.e2e.test_trade_lifecycle" name="test_outstanding_trade_can_have_positive_available_item_quantity" time="0.186" /><testcase classname="distributed-backend.tests.e2e.test_trade_lifecycle" name="test_cancelled_trade_has_no_available_quantity_for_buyers" time="0.294" /><testcase classname="distributed-backend.tests.e2e.test_trade_lifecycle" name="test_player_cannot_offer_item_stack_owned_by_another_player" time="0.192" /><testcase classname="distributed-backend.tests.e2e.test_trade_lifecycle" name="test_player_cannot_cancel_trade_created_by_another_player" time="0.246" /><testcase classname="distributed-backend.tests.e2e.test_trade_lifecycle" name="test_buyer_cannot_receive_more_items_than_requested" time="0.377" /><testcase classname="distributed-backend.tests.e2e.test_trade_lifecycle" name="test_seller_cannot_receive_more_isk_than_trade_price_requires" time="0.345" /><testcase classname="distributed-backend.tests.e2e.test_trade_lifecycle" name="test_trade_acceptance_uses_trade_price_not_client_supplied_price" time="0.262" /><testcase classname="distributed-backend.tests.e2e.test_trade_lifecycle" name="test_trade_acceptance_uses_trade_item_type_not_client_supplied_item_type" time="0.268" /><testcase classname="distributed-backend.tests.e2e.test_trade_lifecycle" name="test_trade_acceptance_uses_trade_station_not_client_supplied_station" time="0.264" /><testcase classname="distributed-backend.tests.e2e.test_trade_lifecycle" name="test_trade_acceptance_uses_trade_seller_not_client_supplied_seller" time="0.249" /><testcase classname="distributed-backend.tests.e2e.test_trade_lifecycle" name="test_create_trade_offer_returns_clear_error_for_insufficient_item_quantity" time="0.208" /><testcase classname="distributed-backend.tests.e2e.test_trade_lifecycle" name="test_create_trade_offer_returns_clear_error_for_invalid_item_stack_owner" time="0.194" /><testcase classname="distributed-backend.tests.e2e.test_trade_lifecycle" name="test_accept_trade_returns_clear_error_for_insufficient_wallet_balance" time="0.226" /><testcase classname="distributed-backend.tests.e2e.test_trade_lifecycle" name="test_accept_trade_returns_clear_error_for_unavailable_trade_quantity" time="0.222" /><testcase classname="distributed-backend.tests.e2e.test_trade_lifecycle" name="test_accept_trade_returns_clear_error_for_cancelled_trade" time="0.345" /><testcase classname="distributed-backend.tests.e2e.test_trade_lifecycle" name="test_accept_trade_returns_clear_error_for_completed_trade" time="0.436" /><testcase classname="distributed-backend.tests.e2e.test_trade_lifecycle" name="test_cancel_trade_returns_clear_error_for_non_seller_caller" time="0.234" /><testcase classname="distributed-backend.tests.e2e.test_trade_lifecycle" name="test_rejected_request_does_not_return_success_status" time="0.216" /><testcase classname="distributed-backend.tests.e2e.test_trade_lifecycle" name="test_gateway_create_trade_offer_makes_trade_available_end_to_end" time="0.206" /><testcase classname="distributed-backend.tests.e2e.test_trade_lifecycle" name="test_gateway_accept_partial_trade_keeps_trade_outstanding_end_to_end" time="0.270" /><testcase classname="distributed-backend.tests.e2e.test_trade_lifecycle" name="test_gateway_accept_full_remaining_trade_completes_trade_end_to_end" time="0.281" /><testcase classname="distributed-backend.tests.e2e.test_trade_lifecycle" name="test_gateway_cancel_trade_returns_remaining_items_end_to_end" time="0.322" /><testcase classname="distributed-backend.tests.e2e.test_trade_lifecycle" name="test_gateway_retry_create_trade_offer_is_idempotent_end_to_end" time="0.228" /><testcase classname="distributed-backend.tests.e2e.test_trade_lifecycle" name="test_gateway_retry_accept_trade_is_idempotent_end_to_end" time="0.282" /><testcase classname="distributed-backend.tests.e2e.test_trade_lifecycle" name="test_gateway_retry_cancel_trade_is_idempotent_end_to_end" time="0.345" /><testcase classname="distributed-backend.tests.e2e.test_trade_lifecycle" name="test_gateway_rejects_invalid_create_trade_offer_without_changing_state_end_to_end" time="0.220" /><testcase classname="distributed-backend.tests.e2e.test_trade_lifecycle" name="test_gateway_rejects_invalid_accept_trade_without_changing_state_end_to_end" time="0.285" /><testcase classname="distributed-backend.tests.e2e.test_trade_lifecycle" name="test_gateway_rejects_invalid_cancel_trade_without_changing_state_end_to_end" time="0.269" /><testcase classname="distributed-backend.tests.e2e.test_trade_lifecycle" name="test_settlement_rejects_completing_trade_while_item_escrow_quantity_remains_positive" time="0.326" /><testcase classname="distributed-backend.tests.e2e.test_trade_lifecycle" name="test_settlement_rejects_releasing_more_item_quantity_than_escrow_contains" time="0.215" /><testcase classname="distributed-backend.tests.e2e.test_trade_lifecycle" name="test_settlement_rejects_releasing_same_item_escrow_twice" time="0.266" /><testcase classname="distributed-backend.tests.e2e.test_trade_lifecycle" name="test_settlement_rejects_wallet_payment_that_does_not_match_trade_price" time="0.229" /><testcase classname="distributed-backend.tests.e2e.test_trade_lifecycle" name="test_settlement_rejects_wallet_payment_that_exceeds_remaining_trade_quantity" time="0.190" /><testcase classname="distributed-backend.tests.e2e.test_trade_lifecycle" name="test_settlement_rejects_completing_trade_while_wallet_escrow_remains_active" time="0.201" /><testcase classname="distributed-backend.tests.e2e.test_trade_lifecycle" name="test_database_rejects_remaining_quantity_drift" time="0.183" /><testcase classname="distributed-backend.tests.e2e.test_trade_lifecycle" name="test_database_rejects_item_stack_ledger_updates" time="0.167" /><testcase classname="distributed-backend.tests.e2e.test_trade_lifecycle" name="test_database_rejects_wallet_ledger_deletes" time="0.200" /></testsuite></testsuites>